# JRE version: Java(TM) SE Runtime Environment (8.0_60-b27) (build 1.8.0_60-b27)
# Java VM: Java HotSpot(TM) 64-Bit Server VM (25.60-b23 mixed mode windows-amd64 compressed oops)
Heap:
 PSYoungGen      total 378368K, used 64962K [0x00000000d5f00000, 0x00000000f2a80000, 0x0000000100000000)
  eden space 354304K, 18% used [0x00000000d5f00000,0x00000000d9e70bc0,0x00000000eb900000)
  from space 24064K, 0% used [0x00000000eb900000,0x00000000eb900000,0x00000000ed080000)
  to   space 24576K, 0% used [0x00000000f1280000,0x00000000f1280000,0x00000000f2a80000)
 ParOldGen       total 143360K, used 36153K [0x0000000081c00000, 0x000000008a800000, 0x00000000d5f00000)
  object space 143360K, 25% used [0x0000000081c00000,0x0000000083f4e558,0x000000008a800000)
 Metaspace       used 61683K, capacity 62480K, committed 62976K, reserved 1103872K
  class space    used 7974K, capacity 8165K, committed 8192K, reserved 1048576K
GC Heap History (10 events):
Event: 8.472 GC heap before
{Heap before GC invocations=10 (full 2):
 PSYoungGen      total 220160K, used 207360K [0x00000000d5f00000, 0x00000000eaa80000, 0x0000000100000000)
  eden space 207360K, 100% used [0x00000000d5f00000,0x00000000e2980000,0x00000000e2980000)
  from space 12800K, 0% used [0x00000000e2980000,0x00000000e2980000,0x00000000e3600000)
  to   space 16384K, 0% used [0x00000000e9a80000,0x00000000e9a80000,0x00000000eaa80000)
 ParOldGen       total 101376K, used 23499K [0x0000000081c00000, 0x0000000087f00000, 0x00000000d5f00000)
  object space 101376K, 23% used [0x0000000081c00000,0x00000000832f2e68,0x0000000087f00000)
 Metaspace       used 44483K, capacity 45090K, committed 45440K, reserved 1089536K
  class space    used 5749K, capacity 5893K, committed 6016K, reserved 1048576K
Event: 8.491 GC heap after
Heap after GC invocations=10 (full 2):
 PSYoungGen      total 304640K, used 16378K [0x00000000d5f00000, 0x00000000eaa80000, 0x0000000100000000)
  eden space 288256K, 0% used [0x00000000d5f00000,0x00000000d5f00000,0x00000000e7880000)
  from space 16384K, 99% used [0x00000000e9a80000,0x00000000eaa7e8f0,0x00000000eaa80000)
  to   space 18944K, 0% used [0x00000000e8580000,0x00000000e8580000,0x00000000e9800000)
 ParOldGen       total 101376K, used 23598K [0x0000000081c00000, 0x0000000087f00000, 0x00000000d5f00000)
  object space 101376K, 23% used [0x0000000081c00000,0x000000008330bbf8,0x0000000087f00000)
 Metaspace       used 44483K, capacity 45090K, committed 45440K, reserved 1089536K
  class space    used 5749K, capacity 5893K, committed 6016K, reserved 1048576K
}
Event: 10.640 GC heap before
{Heap before GC invocations=11 (full 2):
 PSYoungGen      total 304640K, used 304634K [0x00000000d5f00000, 0x00000000eaa80000, 0x0000000100000000)
  eden space 288256K, 100% used [0x00000000d5f00000,0x00000000e7880000,0x00000000e7880000)
  from space 16384K, 99% used [0x00000000e9a80000,0x00000000eaa7e8f0,0x00000000eaa80000)
  to   space 18944K, 0% used [0x00000000e8580000,0x00000000e8580000,0x00000000e9800000)
 ParOldGen       total 101376K, used 23598K [0x0000000081c00000, 0x0000000087f00000, 0x00000000d5f00000)
  object space 101376K, 23% used [0x0000000081c00000,0x000000008330bbf8,0x0000000087f00000)
 Metaspace       used 50631K, capacity 51320K, committed 51712K, reserved 1093632K
  class space    used 6642K, capacity 6798K, committed 6912K, reserved 1048576K
Event: 10.683 GC heap after
Heap after GC invocations=11 (full 2):
 PSYoungGen      total 320512K, used 18913K [0x00000000d5f00000, 0x00000000ee700000, 0x0000000100000000)
  eden space 301568K, 0% used [0x00000000d5f00000,0x00000000d5f00000,0x00000000e8580000)
  from space 18944K, 99% used [0x00000000e8580000,0x00000000e97f8588,0x00000000e9800000)
  to   space 23040K, 0% used [0x00000000ed080000,0x00000000ed080000,0x00000000ee700000)
 ParOldGen       total 101376K, used 26661K [0x0000000081c00000, 0x0000000087f00000, 0x00000000d5f00000)
  object space 101376K, 26% used [0x0000000081c00000,0x00000000836094e0,0x0000000087f00000)
 Metaspace       used 50631K, capacity 51320K, committed 51712K, reserved 1093632K
  class space    used 6642K, capacity 6798K, committed 6912K, reserved 1048576K
}
Event: 13.314 GC heap before
{Heap before GC invocations=12 (full 2):
 PSYoungGen      total 320512K, used 320481K [0x00000000d5f00000, 0x00000000ee700000, 0x0000000100000000)
  eden space 301568K, 100% used [0x00000000d5f00000,0x00000000e8580000,0x00000000e8580000)
  from space 18944K, 99% used [0x00000000e8580000,0x00000000e97f8588,0x00000000e9800000)
  to   space 23040K, 0% used [0x00000000ed080000,0x00000000ed080000,0x00000000ee700000)
 ParOldGen       total 101376K, used 26661K [0x0000000081c00000, 0x0000000087f00000, 0x00000000d5f00000)
  object space 101376K, 26% used [0x0000000081c00000,0x00000000836094e0,0x0000000087f00000)
 Metaspace       used 55997K, capacity 56834K, committed 57216K, reserved 1099776K
  class space    used 7274K, capacity 7484K, committed 7552K, reserved 1048576K
Event: 13.355 GC heap after
Heap after GC invocations=12 (full 2):
 PSYoungGen      total 377344K, used 16872K [0x00000000d5f00000, 0x00000000ef680000, 0x0000000100000000)
  eden space 354304K, 0% used [0x00000000d5f00000,0x00000000d5f00000,0x00000000eb900000)
  from space 23040K, 73% used [0x00000000ed080000,0x00000000ee0fa210,0x00000000ee700000)
  to   space 24064K, 0% used [0x00000000eb900000,0x00000000eb900000,0x00000000ed080000)
 ParOldGen       total 101376K, used 34574K [0x0000000081c00000, 0x0000000087f00000, 0x00000000d5f00000)
  object space 101376K, 34% used [0x0000000081c00000,0x0000000083dc38d8,0x0000000087f00000)
 Metaspace       used 55997K, capacity 56834K, committed 57216K, reserved 1099776K
  class space    used 7274K, capacity 7484K, committed 7552K, reserved 1048576K
}
Event: 22.751 GC heap before
{Heap before GC invocations=13 (full 2):
 PSYoungGen      total 377344K, used 53930K [0x00000000d5f00000, 0x00000000ef680000, 0x0000000100000000)
  eden space 354304K, 10% used [0x00000000d5f00000,0x00000000d83309b8,0x00000000eb900000)
  from space 23040K, 73% used [0x00000000ed080000,0x00000000ee0fa210,0x00000000ee700000)
  to   space 24064K, 0% used [0x00000000eb900000,0x00000000eb900000,0x00000000ed080000)
 ParOldGen       total 101376K, used 34574K [0x0000000081c00000, 0x0000000087f00000, 0x00000000d5f00000)
  object space 101376K, 34% used [0x0000000081c00000,0x0000000083dc38d8,0x0000000087f00000)
 Metaspace       used 58036K, capacity 58798K, committed 59096K, reserved 1101824K
  class space    used 7523K, capacity 7710K, committed 7808K, reserved 1048576K
Event: 22.770 GC heap after
Heap after GC invocations=13 (full 2):
 PSYoungGen      total 378368K, used 16003K [0x00000000d5f00000, 0x00000000f2a80000, 0x0000000100000000)
  eden space 354304K, 0% used [0x00000000d5f00000,0x00000000d5f00000,0x00000000eb900000)
  from space 24064K, 66% used [0x00000000eb900000,0x00000000ec8a0d40,0x00000000ed080000)
  to   space 24576K, 0% used [0x00000000f1280000,0x00000000f1280000,0x00000000f2a80000)
 ParOldGen       total 101376K, used 34582K [0x0000000081c00000, 0x0000000087f00000, 0x00000000d5f00000)
  object space 101376K, 34% used [0x0000000081c00000,0x0000000083dc58d8,0x0000000087f00000)
 Metaspace       used 58036K, capacity 58798K, committed 59096K, reserved 1101824K
  class space    used 7523K, capacity 7710K, committed 7808K, reserved 1048576K
}
Event: 22.770 GC heap before
{Heap before GC invocations=14 (full 3):
 PSYoungGen      total 378368K, used 16003K [0x00000000d5f00000, 0x00000000f2a80000, 0x0000000100000000)
  eden space 354304K, 0% used [0x00000000d5f00000,0x00000000d5f00000,0x00000000eb900000)
  from space 24064K, 66% used [0x00000000eb900000,0x00000000ec8a0d40,0x00000000ed080000)
  to   space 24576K, 0% used [0x00000000f1280000,0x00000000f1280000,0x00000000f2a80000)
 ParOldGen       total 101376K, used 34582K [0x0000000081c00000, 0x0000000087f00000, 0x00000000d5f00000)
  object space 101376K, 34% used [0x0000000081c00000,0x0000000083dc58d8,0x0000000087f00000)
 Metaspace       used 58036K, capacity 58798K, committed 59096K, reserved 1101824K
  class space    used 7523K, capacity 7710K, committed 7808K, reserved 1048576K
Event: 22.975 GC heap after
Heap after GC invocations=14 (full 3):
 PSYoungGen      total 378368K, used 0K [0x00000000d5f00000, 0x00000000f2a80000, 0x0000000100000000)
  eden space 354304K, 0% used [0x00000000d5f00000,0x00000000d5f00000,0x00000000eb900000)
  from space 24064K, 0% used [0x00000000eb900000,0x00000000eb900000,0x00000000ed080000)
  to   space 24576K, 0% used [0x00000000f1280000,0x00000000f1280000,0x00000000f2a80000)
 ParOldGen       total 143360K, used 36153K [0x0000000081c00000, 0x000000008a800000, 0x00000000d5f00000)
  object space 143360K, 25% used [0x0000000081c00000,0x0000000083f4e558,0x000000008a800000)
 Metaspace       used 58036K, capacity 58798K, committed 59096K, reserved 1101824K
  class space    used 7523K, capacity 7710K, committed 7808K, reserved 1048576K
}

