# JRE version: Java(TM) SE Runtime Environment (8.0_60-b27) (build 1.8.0_60-b27)
# Java VM: Java HotSpot(TM) 64-Bit Server VM (25.60-b23 mixed mode windows-amd64 compressed oops)
Heap:
 PSYoungGen      total 306688K, used 91388K [0x00000000d5f00000, 0x00000000ed980000, 0x0000000100000000)
  eden space 286208K, 31% used [0x00000000d5f00000,0x00000000db83f0f8,0x00000000e7680000)
  from space 20480K, 0% used [0x00000000e7680000,0x00000000e7680000,0x00000000e8a80000)
  to   space 19968K, 0% used [0x00000000ec600000,0x00000000ec600000,0x00000000ed980000)
 ParOldGen       total 137728K, used 37469K [0x0000000081c00000, 0x000000008a280000, 0x00000000d5f00000)
  object space 137728K, 27% used [0x0000000081c00000,0x00000000840977f0,0x000000008a280000)
 Metaspace       used 63631K, capacity 64406K, committed 64768K, reserved 1105920K
  class space    used 8192K, capacity 8368K, committed 8448K, reserved 1048576K
GC Heap History (10 events):
Event: 9.497 GC heap before
{Heap before GC invocations=12 (full 2):
 PSYoungGen      total 194560K, used 182235K [0x00000000d5f00000, 0x00000000e7000000, 0x0000000100000000)
  eden space 182272K, 99% used [0x00000000d5f00000,0x00000000e10f6e58,0x00000000e1100000)
  from space 12288K, 0% used [0x00000000e1100000,0x00000000e1100000,0x00000000e1d00000)
  to   space 15360K, 0% used [0x00000000e6100000,0x00000000e6100000,0x00000000e7000000)
 ParOldGen       total 93696K, used 22533K [0x0000000081c00000, 0x0000000087780000, 0x00000000d5f00000)
  object space 93696K, 24% used [0x0000000081c00000,0x0000000083201510,0x0000000087780000)
 Metaspace       used 44302K, capacity 44942K, committed 45312K, reserved 1089536K
  class space    used 5721K, capacity 5863K, committed 5888K, reserved 1048576K
Event: 9.516 GC heap after
Heap after GC invocations=12 (full 2):
 PSYoungGen      total 245248K, used 15352K [0x00000000d5f00000, 0x00000000e7000000, 0x0000000100000000)
  eden space 229888K, 0% used [0x00000000d5f00000,0x00000000d5f00000,0x00000000e3f80000)
  from space 15360K, 99% used [0x00000000e6100000,0x00000000e6ffe1e0,0x00000000e7000000)
  to   space 17408K, 0% used [0x00000000e4e00000,0x00000000e4e00000,0x00000000e5f00000)
 ParOldGen       total 93696K, used 23292K [0x0000000081c00000, 0x0000000087780000, 0x00000000d5f00000)
  object space 93696K, 24% used [0x0000000081c00000,0x00000000832bf200,0x0000000087780000)
 Metaspace       used 44302K, capacity 44942K, committed 45312K, reserved 1089536K
  class space    used 5721K, capacity 5863K, committed 5888K, reserved 1048576K
}
Event: 11.467 GC heap before
{Heap before GC invocations=13 (full 2):
 PSYoungGen      total 245248K, used 245240K [0x00000000d5f00000, 0x00000000e7000000, 0x0000000100000000)
  eden space 229888K, 100% used [0x00000000d5f00000,0x00000000e3f80000,0x00000000e3f80000)
  from space 15360K, 99% used [0x00000000e6100000,0x00000000e6ffe1e0,0x00000000e7000000)
  to   space 17408K, 0% used [0x00000000e4e00000,0x00000000e4e00000,0x00000000e5f00000)
 ParOldGen       total 93696K, used 23292K [0x0000000081c00000, 0x0000000087780000, 0x00000000d5f00000)
  object space 93696K, 24% used [0x0000000081c00000,0x00000000832bf200,0x0000000087780000)
 Metaspace       used 49401K, capacity 50012K, committed 50432K, reserved 1093632K
  class space    used 6460K, capacity 6628K, committed 6656K, reserved 1048576K
Event: 11.493 GC heap after
Heap after GC invocations=13 (full 2):
 PSYoungGen      total 262144K, used 11214K [0x00000000d5f00000, 0x00000000e9c00000, 0x0000000100000000)
  eden space 244736K, 0% used [0x00000000d5f00000,0x00000000d5f00000,0x00000000e4e00000)
  from space 17408K, 64% used [0x00000000e4e00000,0x00000000e58f3908,0x00000000e5f00000)
  to   space 17920K, 0% used [0x00000000e8a80000,0x00000000e8a80000,0x00000000e9c00000)
 ParOldGen       total 93696K, used 31626K [0x0000000081c00000, 0x0000000087780000, 0x00000000d5f00000)
  object space 93696K, 33% used [0x0000000081c00000,0x0000000083ae2aa0,0x0000000087780000)
 Metaspace       used 49401K, capacity 50012K, committed 50432K, reserved 1093632K
  class space    used 6460K, capacity 6628K, committed 6656K, reserved 1048576K
}
Event: 13.110 GC heap before
{Heap before GC invocations=14 (full 2):
 PSYoungGen      total 262144K, used 255950K [0x00000000d5f00000, 0x00000000e9c00000, 0x0000000100000000)
  eden space 244736K, 100% used [0x00000000d5f00000,0x00000000e4e00000,0x00000000e4e00000)
  from space 17408K, 64% used [0x00000000e4e00000,0x00000000e58f3908,0x00000000e5f00000)
  to   space 17920K, 0% used [0x00000000e8a80000,0x00000000e8a80000,0x00000000e9c00000)
 ParOldGen       total 93696K, used 31626K [0x0000000081c00000, 0x0000000087780000, 0x00000000d5f00000)
  object space 93696K, 33% used [0x0000000081c00000,0x0000000083ae2aa0,0x0000000087780000)
 Metaspace       used 54106K, capacity 54790K, committed 55168K, reserved 1097728K
  class space    used 7020K, capacity 7205K, committed 7296K, reserved 1048576K
Event: 13.134 GC heap after
Heap after GC invocations=14 (full 2):
 PSYoungGen      total 304128K, used 17895K [0x00000000d5f00000, 0x00000000eb200000, 0x0000000100000000)
  eden space 286208K, 0% used [0x00000000d5f00000,0x00000000d5f00000,0x00000000e7680000)
  from space 17920K, 99% used [0x00000000e8a80000,0x00000000e9bf9f50,0x00000000e9c00000)
  to   space 20480K, 0% used [0x00000000e7680000,0x00000000e7680000,0x00000000e8a80000)
 ParOldGen       total 93696K, used 32357K [0x0000000081c00000, 0x0000000087780000, 0x00000000d5f00000)
  object space 93696K, 34% used [0x0000000081c00000,0x0000000083b99438,0x0000000087780000)
 Metaspace       used 54106K, capacity 54790K, committed 55168K, reserved 1097728K
  class space    used 7020K, capacity 7205K, committed 7296K, reserved 1048576K
}
Event: 33.896 GC heap before
{Heap before GC invocations=15 (full 2):
 PSYoungGen      total 304128K, used 191962K [0x00000000d5f00000, 0x00000000eb200000, 0x0000000100000000)
  eden space 286208K, 60% used [0x00000000d5f00000,0x00000000e08fc9f8,0x00000000e7680000)
  from space 17920K, 99% used [0x00000000e8a80000,0x00000000e9bf9f50,0x00000000e9c00000)
  to   space 20480K, 0% used [0x00000000e7680000,0x00000000e7680000,0x00000000e8a80000)
 ParOldGen       total 93696K, used 32357K [0x0000000081c00000, 0x0000000087780000, 0x00000000d5f00000)
  object space 93696K, 34% used [0x0000000081c00000,0x0000000083b99438,0x0000000087780000)
 Metaspace       used 58069K, capacity 58816K, committed 59096K, reserved 1101824K
  class space    used 7526K, capacity 7713K, committed 7808K, reserved 1048576K
Event: 33.919 GC heap after
Heap after GC invocations=15 (full 2):
 PSYoungGen      total 306688K, used 7274K [0x00000000d5f00000, 0x00000000ed980000, 0x0000000100000000)
  eden space 286208K, 0% used [0x00000000d5f00000,0x00000000d5f00000,0x00000000e7680000)
  from space 20480K, 35% used [0x00000000e7680000,0x00000000e7d9aa10,0x00000000e8a80000)
  to   space 19968K, 0% used [0x00000000ec600000,0x00000000ec600000,0x00000000ed980000)
 ParOldGen       total 93696K, used 42491K [0x0000000081c00000, 0x0000000087780000, 0x00000000d5f00000)
  object space 93696K, 45% used [0x0000000081c00000,0x000000008457ed78,0x0000000087780000)
 Metaspace       used 58069K, capacity 58816K, committed 59096K, reserved 1101824K
  class space    used 7526K, capacity 7713K, committed 7808K, reserved 1048576K
}
Event: 33.919 GC heap before
{Heap before GC invocations=16 (full 3):
 PSYoungGen      total 306688K, used 7274K [0x00000000d5f00000, 0x00000000ed980000, 0x0000000100000000)
  eden space 286208K, 0% used [0x00000000d5f00000,0x00000000d5f00000,0x00000000e7680000)
  from space 20480K, 35% used [0x00000000e7680000,0x00000000e7d9aa10,0x00000000e8a80000)
  to   space 19968K, 0% used [0x00000000ec600000,0x00000000ec600000,0x00000000ed980000)
 ParOldGen       total 93696K, used 42491K [0x0000000081c00000, 0x0000000087780000, 0x00000000d5f00000)
  object space 93696K, 45% used [0x0000000081c00000,0x000000008457ed78,0x0000000087780000)
 Metaspace       used 58069K, capacity 58816K, committed 59096K, reserved 1101824K
  class space    used 7526K, capacity 7713K, committed 7808K, reserved 1048576K
Event: 34.230 GC heap after
Heap after GC invocations=16 (full 3):
 PSYoungGen      total 306688K, used 0K [0x00000000d5f00000, 0x00000000ed980000, 0x0000000100000000)
  eden space 286208K, 0% used [0x00000000d5f00000,0x00000000d5f00000,0x00000000e7680000)
  from space 20480K, 0% used [0x00000000e7680000,0x00000000e7680000,0x00000000e8a80000)
  to   space 19968K, 0% used [0x00000000ec600000,0x00000000ec600000,0x00000000ed980000)
 ParOldGen       total 137728K, used 37469K [0x0000000081c00000, 0x000000008a280000, 0x00000000d5f00000)
  object space 137728K, 27% used [0x0000000081c00000,0x00000000840977f0,0x000000008a280000)
 Metaspace       used 58069K, capacity 58816K, committed 59096K, reserved 1101824K
  class space    used 7526K, capacity 7713K, committed 7808K, reserved 1048576K
}

