# JRE version: Java(TM) SE Runtime Environment (8.0_60-b27) (build 1.8.0_60-b27)
# Java VM: Java HotSpot(TM) 64-Bit Server VM (25.60-b23 mixed mode windows-amd64 compressed oops)
Heap:
 PSYoungGen      total 260096K, used 100951K [0x00000000d5f00000, 0x00000000e7e00000, 0x0000000100000000)
  eden space 231424K, 43% used [0x00000000d5f00000,0x00000000dc195f78,0x00000000e4100000)
  from space 28672K, 0% used [0x00000000e6200000,0x00000000e6200000,0x00000000e7e00000)
  to   space 31232K, 0% used [0x00000000e4100000,0x00000000e4100000,0x00000000e5f80000)
 ParOldGen       total 188416K, used 36991K [0x0000000081c00000, 0x000000008d400000, 0x00000000d5f00000)
  object space 188416K, 19% used [0x0000000081c00000,0x000000008401fcf8,0x000000008d400000)
 Metaspace       used 63467K, capacity 64274K, committed 64512K, reserved 1105920K
  class space    used 8170K, capacity 8356K, committed 8448K, reserved 1048576K
GC Heap History (10 events):
Event: 9.696 GC heap before
{Heap before GC invocations=11 (full 2):
 PSYoungGen      total 205312K, used 204759K [0x00000000d5f00000, 0x00000000e4680000, 0x0000000100000000)
  eden space 188928K, 100% used [0x00000000d5f00000,0x00000000e1780000,0x00000000e1780000)
  from space 16384K, 96% used [0x00000000e2a00000,0x00000000e3975e78,0x00000000e3a00000)
  to   space 18944K, 0% used [0x00000000e1780000,0x00000000e1780000,0x00000000e2a00000)
 ParOldGen       total 130560K, used 24285K [0x0000000081c00000, 0x0000000089b80000, 0x00000000d5f00000)
  object space 130560K, 18% used [0x0000000081c00000,0x00000000833b75c0,0x0000000089b80000)
 Metaspace       used 48648K, capacity 49292K, committed 49536K, reserved 1091584K
  class space    used 6376K, capacity 6524K, committed 6528K, reserved 1048576K
Event: 9.714 GC heap after
Heap after GC invocations=11 (full 2):
 PSYoungGen      total 207872K, used 16914K [0x00000000d5f00000, 0x00000000e5700000, 0x0000000100000000)
  eden space 188928K, 0% used [0x00000000d5f00000,0x00000000d5f00000,0x00000000e1780000)
  from space 18944K, 89% used [0x00000000e1780000,0x00000000e28048a0,0x00000000e2a00000)
  to   space 20992K, 0% used [0x00000000e4280000,0x00000000e4280000,0x00000000e5700000)
 ParOldGen       total 130560K, used 24293K [0x0000000081c00000, 0x0000000089b80000, 0x00000000d5f00000)
  object space 130560K, 18% used [0x0000000081c00000,0x00000000833b95c0,0x0000000089b80000)
 Metaspace       used 48648K, capacity 49292K, committed 49536K, reserved 1091584K
  class space    used 6376K, capacity 6524K, committed 6528K, reserved 1048576K
}
Event: 10.920 GC heap before
{Heap before GC invocations=12 (full 2):
 PSYoungGen      total 207872K, used 205842K [0x00000000d5f00000, 0x00000000e5700000, 0x0000000100000000)
  eden space 188928K, 100% used [0x00000000d5f00000,0x00000000e1780000,0x00000000e1780000)
  from space 18944K, 89% used [0x00000000e1780000,0x00000000e28048a0,0x00000000e2a00000)
  to   space 20992K, 0% used [0x00000000e4280000,0x00000000e4280000,0x00000000e5700000)
 ParOldGen       total 130560K, used 24293K [0x0000000081c00000, 0x0000000089b80000, 0x00000000d5f00000)
  object space 130560K, 18% used [0x0000000081c00000,0x00000000833b95c0,0x0000000089b80000)
 Metaspace       used 52435K, capacity 53082K, committed 53376K, reserved 1095680K
  class space    used 6803K, capacity 6979K, committed 7040K, reserved 1048576K
Event: 10.944 GC heap after
Heap after GC invocations=12 (full 2):
 PSYoungGen      total 229888K, used 20975K [0x00000000d5f00000, 0x00000000e5d00000, 0x0000000100000000)
  eden space 208896K, 0% used [0x00000000d5f00000,0x00000000d5f00000,0x00000000e2b00000)
  from space 20992K, 99% used [0x00000000e4280000,0x00000000e56fbe48,0x00000000e5700000)
  to   space 24064K, 0% used [0x00000000e2b00000,0x00000000e2b00000,0x00000000e4280000)
 ParOldGen       total 130560K, used 25847K [0x0000000081c00000, 0x0000000089b80000, 0x00000000d5f00000)
  object space 130560K, 19% used [0x0000000081c00000,0x000000008353dd90,0x0000000089b80000)
 Metaspace       used 52435K, capacity 53082K, committed 53376K, reserved 1095680K
  class space    used 6803K, capacity 6979K, committed 7040K, reserved 1048576K
}
Event: 12.239 GC heap before
{Heap before GC invocations=13 (full 2):
 PSYoungGen      total 229888K, used 229871K [0x00000000d5f00000, 0x00000000e5d00000, 0x0000000100000000)
  eden space 208896K, 100% used [0x00000000d5f00000,0x00000000e2b00000,0x00000000e2b00000)
  from space 20992K, 99% used [0x00000000e4280000,0x00000000e56fbe48,0x00000000e5700000)
  to   space 24064K, 0% used [0x00000000e2b00000,0x00000000e2b00000,0x00000000e4280000)
 ParOldGen       total 130560K, used 25847K [0x0000000081c00000, 0x0000000089b80000, 0x00000000d5f00000)
  object space 130560K, 19% used [0x0000000081c00000,0x000000008353dd90,0x0000000089b80000)
 Metaspace       used 54908K, capacity 55610K, committed 56064K, reserved 1097728K
  class space    used 7140K, capacity 7316K, committed 7424K, reserved 1048576K
Event: 12.277 GC heap after
Heap after GC invocations=13 (full 2):
 PSYoungGen      total 232960K, used 24051K [0x00000000d5f00000, 0x00000000e7e00000, 0x0000000100000000)
  eden space 208896K, 0% used [0x00000000d5f00000,0x00000000d5f00000,0x00000000e2b00000)
  from space 24064K, 99% used [0x00000000e2b00000,0x00000000e427cfe8,0x00000000e4280000)
  to   space 28672K, 0% used [0x00000000e6200000,0x00000000e6200000,0x00000000e7e00000)
 ParOldGen       total 130560K, used 29189K [0x0000000081c00000, 0x0000000089b80000, 0x00000000d5f00000)
  object space 130560K, 22% used [0x0000000081c00000,0x0000000083881700,0x0000000089b80000)
 Metaspace       used 54908K, capacity 55610K, committed 56064K, reserved 1097728K
  class space    used 7140K, capacity 7316K, committed 7424K, reserved 1048576K
}
Event: 23.557 GC heap before
{Heap before GC invocations=14 (full 2):
 PSYoungGen      total 232960K, used 96241K [0x00000000d5f00000, 0x00000000e7e00000, 0x0000000100000000)
  eden space 208896K, 34% used [0x00000000d5f00000,0x00000000da57f7c8,0x00000000e2b00000)
  from space 24064K, 99% used [0x00000000e2b00000,0x00000000e427cfe8,0x00000000e4280000)
  to   space 28672K, 0% used [0x00000000e6200000,0x00000000e6200000,0x00000000e7e00000)
 ParOldGen       total 130560K, used 29189K [0x0000000081c00000, 0x0000000089b80000, 0x00000000d5f00000)
  object space 130560K, 22% used [0x0000000081c00000,0x0000000083881700,0x0000000089b80000)
 Metaspace       used 58099K, capacity 58834K, committed 59096K, reserved 1101824K
  class space    used 7530K, capacity 7716K, committed 7808K, reserved 1048576K
Event: 23.584 GC heap after
Heap after GC invocations=14 (full 2):
 PSYoungGen      total 260096K, used 23649K [0x00000000d5f00000, 0x00000000e7e00000, 0x0000000100000000)
  eden space 231424K, 0% used [0x00000000d5f00000,0x00000000d5f00000,0x00000000e4100000)
  from space 28672K, 82% used [0x00000000e6200000,0x00000000e7918678,0x00000000e7e00000)
  to   space 31232K, 0% used [0x00000000e4100000,0x00000000e4100000,0x00000000e5f80000)
 ParOldGen       total 130560K, used 29197K [0x0000000081c00000, 0x0000000089b80000, 0x00000000d5f00000)
  object space 130560K, 22% used [0x0000000081c00000,0x0000000083883700,0x0000000089b80000)
 Metaspace       used 58099K, capacity 58834K, committed 59096K, reserved 1101824K
  class space    used 7530K, capacity 7716K, committed 7808K, reserved 1048576K
}
Event: 23.584 GC heap before
{Heap before GC invocations=15 (full 3):
 PSYoungGen      total 260096K, used 23649K [0x00000000d5f00000, 0x00000000e7e00000, 0x0000000100000000)
  eden space 231424K, 0% used [0x00000000d5f00000,0x00000000d5f00000,0x00000000e4100000)
  from space 28672K, 82% used [0x00000000e6200000,0x00000000e7918678,0x00000000e7e00000)
  to   space 31232K, 0% used [0x00000000e4100000,0x00000000e4100000,0x00000000e5f80000)
 ParOldGen       total 130560K, used 29197K [0x0000000081c00000, 0x0000000089b80000, 0x00000000d5f00000)
  object space 130560K, 22% used [0x0000000081c00000,0x0000000083883700,0x0000000089b80000)
 Metaspace       used 58099K, capacity 58834K, committed 59096K, reserved 1101824K
  class space    used 7530K, capacity 7716K, committed 7808K, reserved 1048576K
Event: 23.772 GC heap after
Heap after GC invocations=15 (full 3):
 PSYoungGen      total 260096K, used 0K [0x00000000d5f00000, 0x00000000e7e00000, 0x0000000100000000)
  eden space 231424K, 0% used [0x00000000d5f00000,0x00000000d5f00000,0x00000000e4100000)
  from space 28672K, 0% used [0x00000000e6200000,0x00000000e6200000,0x00000000e7e00000)
  to   space 31232K, 0% used [0x00000000e4100000,0x00000000e4100000,0x00000000e5f80000)
 ParOldGen       total 188416K, used 36991K [0x0000000081c00000, 0x000000008d400000, 0x00000000d5f00000)
  object space 188416K, 19% used [0x0000000081c00000,0x000000008401fcf8,0x000000008d400000)
 Metaspace       used 58093K, capacity 58816K, committed 59096K, reserved 1101824K
  class space    used 7528K, capacity 7713K, committed 7808K, reserved 1048576K
}

